[handleMsg]:  {
  key: {
    remoteJid: '27908882055413@lid',
    fromMe: false,
    id: '3AA672CC446BE898D9A4',
    participant: undefined
  },
  messageTimestamp: 1776802997,
  pushName: '𝑬𝒍𝒗𝒆𝒓 𝑪𝑷 👨‍💻',
  broadcast: false,
  message: Message {
    locationMessage: LocationMessage {
      degreesLatitude: -12.008939743041992,
      degreesLongitude: -77.10244750976562,
      jpegThumbnail: [Uint8Array],
      contextInfo: [ContextInfo]
    },
    messageContextInfo: MessageContextInfo {
      deviceListMetadata: [DeviceListMetadata],
      deviceListMetadataVersion: 2,
      messageSecret: [Uint8Array]
    }
  },
  body: '_event_location__e0bda191-be96-4f2f-ace8-cf0970abddec',
  from: '27908882055413@lid'
}
[QUEUE_SE_ENVIO]:  {
  ref: 'ans_d6c50f28-5e86-42a2-8867-6010b4db9ced',
  keyword: 'key_008354ea-c5de-4f52-b25e-334b9d8f9f4f',
  answer: '__call_action__',
  options: {
    media: null,
    buttons: [],
    capture: false,
    child: null,
    delay: 0,
    idle: null,
    ref: null,
    nested: [],
    keyword: {},
    callback: true
  },
  refSerialize: 'a7dc91a19210ad9d44cca2ff47029108'
}
